06:26:01.987 [main] INFO  o.s.b.t.c.SpringBootTestContextBootstrapper - Neither @ContextConfiguration nor @ContextHierarchy found for test class [com.yan.http_api.controller.TestClientController], using SpringBootContextLoader
06:26:02.000 [main] INFO  o.s.t.c.s.AbstractContextLoader - Could not detect default resource locations for test class [com.yan.http_api.controller.TestClientController]: no resource found for suffixes {-context.xml, Context.groovy}.
06:26:02.001 [main] INFO  o.s.t.c.s.AnnotationConfigContextLoaderUtils - Could not detect default configuration classes for test class [com.yan.http_api.controller.TestClientController]: TestClientController does not declare any static, non-private, non-final, nested classes annotated with @Configuration.
06:26:02.223 [main] INFO  o.s.b.t.c.SpringBootTestContextBootstrapper - Found @SpringBootConfiguration com.yan.http_api.HttpApiApplication for test class com.yan.http_api.controller.TestClientController
06:26:02.410 [main] INFO  o.s.b.t.c.SpringBootTestContextBootstrapper - Loaded default TestExecutionListener class names from location [META-INF/spring.factories]: [org.springframework.boot.test.mock.mockito.MockitoTestExecutionListener, org.springframework.boot.test.mock.mockito.ResetMocksTestExecutionListener, org.springframework.boot.test.autoconfigure.restdocs.RestDocsTestExecutionListener, org.springframework.boot.test.autoconfigure.web.client.MockRestServiceServerResetTestExecutionListener, org.springframework.boot.test.autoconfigure.web.servlet.MockMvcPrintOnlyOnFailureTestExecutionListener, org.springframework.boot.test.autoconfigure.web.servlet.WebDriverTestExecutionListener, org.springframework.boot.test.autoconfigure.webservices.client.MockWebServiceServerTestExecutionListener, org.springframework.test.context.web.ServletTestExecutionListener, org.springframework.test.context.support.DirtiesContextBeforeModesTestExecutionListener, org.springframework.test.context.event.ApplicationEventsTestExecutionListener, org.springframework.test.context.support.DependencyInjectionTestExecutionListener, org.springframework.test.context.support.DirtiesContextTestExecutionListener, org.springframework.test.context.transaction.TransactionalTestExecutionListener, org.springframework.test.context.jdbc.SqlScriptsTestExecutionListener, org.springframework.test.context.event.EventPublishingTestExecutionListener]
06:26:02.472 [main] INFO  o.s.b.t.c.SpringBootTestContextBootstrapper - Using TestExecutionListeners: [org.springframework.test.context.web.ServletTestExecutionListener@42f33b5d, org.springframework.test.context.support.DirtiesContextBeforeModesTestExecutionListener@5c8504fd, org.springframework.test.context.event.ApplicationEventsTestExecutionListener@4b7e96a, org.springframework.boot.test.mock.mockito.MockitoTestExecutionListener@6475472c, org.springframework.boot.test.autoconfigure.SpringBootDependencyInjectionTestExecutionListener@3f07b12c, org.springframework.test.context.support.DirtiesContextTestExecutionListener@4bd1f8dd, org.springframework.test.context.transaction.TransactionalTestExecutionListener@7096b474, org.springframework.test.context.jdbc.SqlScriptsTestExecutionListener@3e14c16d, org.springframework.test.context.event.EventPublishingTestExecutionListener@3c989952, org.springframework.boot.test.mock.mockito.ResetMocksTestExecutionListener@784b990c, org.springframework.boot.test.autoconfigure.restdocs.RestDocsTestExecutionListener@3d3ba765, org.springframework.boot.test.autoconfigure.web.client.MockRestServiceServerResetTestExecutionListener@25bc0606, org.springframework.boot.test.autoconfigure.web.servlet.MockMvcPrintOnlyOnFailureTestExecutionListener@5d1659ea, org.springframework.boot.test.autoconfigure.web.servlet.WebDriverTestExecutionListener@793138bd, org.springframework.boot.test.autoconfigure.webservices.client.MockWebServiceServerTestExecutionListener@1951b871]
06:26:02.940 [main] INFO  c.y.h.c.TestClientController - Starting TestClientController using Java 18.0.2 on DESKTOP-DM18JUN with PID 18816 (started by caiii in D:\Google Drive\Java projects\HTTP_API)
06:26:02.941 [main] INFO  c.y.h.c.TestClientController - No active profile set, falling back to 1 default profile: "default"
06:26:02.942 [background-preinit] INFO  o.h.validator.internal.util.Version - HV000001: Hibernate Validator 6.2.5.Final
06:26:03.822 [main] INFO  o.s.d.r.c.RepositoryConfigurationDelegate - Bootstrapping Spring Data JPA repositories in DEFAULT mode.
06:26:03.902 [main] INFO  o.s.d.r.c.RepositoryConfigurationDelegate - Finished Spring Data repository scanning in 65 ms. Found 2 JPA repository interfaces.
06:26:04.730 [main] INFO  com.zaxxer.hikari.HikariDataSource - HikariPool-1 - Starting...
06:26:05.308 [main] INFO  com.zaxxer.hikari.HikariDataSource - HikariPool-1 - Start completed.
06:26:05.770 [main] INFO  liquibase.lockservice - Successfully acquired change log lock
06:26:06.123 [main] INFO  liquibase.changelog - Reading from http_api.DATABASECHANGELOG
06:26:06.227 [main] INFO  liquibase.lockservice - Successfully released change log lock
06:26:06.346 [main] INFO  o.h.jpa.internal.util.LogHelper - HHH000204: Processing PersistenceUnitInfo [name: default]
06:26:06.409 [main] INFO  org.hibernate.Version - HHH000412: Hibernate ORM core version 5.6.12.Final
06:26:06.591 [main] INFO  o.h.annotations.common.Version - HCANN000001: Hibernate Commons Annotations {5.1.2.Final}
06:26:06.746 [main] INFO  org.hibernate.dialect.Dialect - HHH000400: Using dialect: org.hibernate.dialect.MySQL8Dialect
06:26:07.542 [main] INFO  o.h.e.t.j.p.i.JtaPlatformInitiator - HHH000490: Using JtaPlatform implementation: [org.hibernate.engine.transaction.jta.platform.internal.NoJtaPlatform]
06:26:07.550 [main] INFO  o.s.o.j.LocalContainerEntityManagerFactoryBean - Initialized JPA EntityManagerFactory for persistence unit 'default'
06:26:09.378 [main] INFO  o.s.b.t.m.w.SpringBootMockServletContext - Initializing Spring TestDispatcherServlet ''
06:26:09.379 [main] INFO  o.s.t.w.s.TestDispatcherServlet - Initializing Servlet ''
06:26:09.381 [main] INFO  o.s.t.w.s.TestDispatcherServlet - Completed initialization in 2 ms
06:26:09.418 [main] INFO  c.y.h.c.TestClientController - Started TestClientController in 6.858 seconds (JVM running for 8.816)
06:26:10.127 [SpringApplicationShutdownHook] INFO  o.s.o.j.LocalContainerEntityManagerFactoryBean - Closing JPA EntityManagerFactory for persistence unit 'default'
06:26:10.132 [SpringApplicationShutdownHook] INFO  com.zaxxer.hikari.HikariDataSource - HikariPool-1 - Shutdown initiated...
06:26:10.146 [SpringApplicationShutdownHook] INFO  com.zaxxer.hikari.HikariDataSource - HikariPool-1 - Shutdown completed.
06:28:10.677 [main] INFO  o.s.b.t.c.SpringBootTestContextBootstrapper - Neither @ContextConfiguration nor @ContextHierarchy found for test class [com.yan.http_api.controller.TestClientController], using SpringBootContextLoader
06:28:10.685 [main] INFO  o.s.t.c.s.AbstractContextLoader - Could not detect default resource locations for test class [com.yan.http_api.controller.TestClientController]: no resource found for suffixes {-context.xml, Context.groovy}.
06:28:10.686 [main] INFO  o.s.t.c.s.AnnotationConfigContextLoaderUtils - Could not detect default configuration classes for test class [com.yan.http_api.controller.TestClientController]: TestClientController does not declare any static, non-private, non-final, nested classes annotated with @Configuration.
06:28:10.899 [main] INFO  o.s.b.t.c.SpringBootTestContextBootstrapper - Found @SpringBootConfiguration com.yan.http_api.HttpApiApplication for test class com.yan.http_api.controller.TestClientController
06:28:11.036 [main] INFO  o.s.b.t.c.SpringBootTestContextBootstrapper - Loaded default TestExecutionListener class names from location [META-INF/spring.factories]: [org.springframework.boot.test.mock.mockito.MockitoTestExecutionListener, org.springframework.boot.test.mock.mockito.ResetMocksTestExecutionListener, org.springframework.boot.test.autoconfigure.restdocs.RestDocsTestExecutionListener, org.springframework.boot.test.autoconfigure.web.client.MockRestServiceServerResetTestExecutionListener, org.springframework.boot.test.autoconfigure.web.servlet.MockMvcPrintOnlyOnFailureTestExecutionListener, org.springframework.boot.test.autoconfigure.web.servlet.WebDriverTestExecutionListener, org.springframework.boot.test.autoconfigure.webservices.client.MockWebServiceServerTestExecutionListener, org.springframework.test.context.web.ServletTestExecutionListener, org.springframework.test.context.support.DirtiesContextBeforeModesTestExecutionListener, org.springframework.test.context.event.ApplicationEventsTestExecutionListener, org.springframework.test.context.support.DependencyInjectionTestExecutionListener, org.springframework.test.context.support.DirtiesContextTestExecutionListener, org.springframework.test.context.transaction.TransactionalTestExecutionListener, org.springframework.test.context.jdbc.SqlScriptsTestExecutionListener, org.springframework.test.context.event.EventPublishingTestExecutionListener]
06:28:11.053 [main] INFO  o.s.b.t.c.SpringBootTestContextBootstrapper - Using TestExecutionListeners: [org.springframework.test.context.web.ServletTestExecutionListener@7ec3394b, org.springframework.test.context.support.DirtiesContextBeforeModesTestExecutionListener@bff34c6, org.springframework.test.context.event.ApplicationEventsTestExecutionListener@1522d8a0, org.springframework.boot.test.mock.mockito.MockitoTestExecutionListener@312ab28e, org.springframework.boot.test.autoconfigure.SpringBootDependencyInjectionTestExecutionListener@5644dc81, org.springframework.test.context.support.DirtiesContextTestExecutionListener@246f8b8b, org.springframework.test.context.transaction.TransactionalTestExecutionListener@278bb07e, org.springframework.test.context.jdbc.SqlScriptsTestExecutionListener@4351c8c3, org.springframework.test.context.event.EventPublishingTestExecutionListener@3381b4fc, org.springframework.boot.test.mock.mockito.ResetMocksTestExecutionListener@6bea52d4, org.springframework.boot.test.autoconfigure.restdocs.RestDocsTestExecutionListener@11981797, org.springframework.boot.test.autoconfigure.web.client.MockRestServiceServerResetTestExecutionListener@5c42d2b7, org.springframework.boot.test.autoconfigure.web.servlet.MockMvcPrintOnlyOnFailureTestExecutionListener@625abb97, org.springframework.boot.test.autoconfigure.web.servlet.WebDriverTestExecutionListener@5b1f29fa, org.springframework.boot.test.autoconfigure.webservices.client.MockWebServiceServerTestExecutionListener@aeab9a1]
06:28:11.450 [main] INFO  c.y.h.c.TestClientController - Starting TestClientController using Java 18.0.2 on DESKTOP-DM18JUN with PID 17228 (started by caiii in D:\Google Drive\Java projects\HTTP_API)
06:28:11.451 [main] INFO  c.y.h.c.TestClientController - No active profile set, falling back to 1 default profile: "default"
06:28:11.452 [background-preinit] INFO  o.h.validator.internal.util.Version - HV000001: Hibernate Validator 6.2.5.Final
06:28:12.245 [main] INFO  o.s.d.r.c.RepositoryConfigurationDelegate - Bootstrapping Spring Data JPA repositories in DEFAULT mode.
06:28:12.307 [main] INFO  o.s.d.r.c.RepositoryConfigurationDelegate - Finished Spring Data repository scanning in 50 ms. Found 2 JPA repository interfaces.
06:28:13.065 [main] INFO  com.zaxxer.hikari.HikariDataSource - HikariPool-1 - Starting...
06:28:13.539 [main] INFO  com.zaxxer.hikari.HikariDataSource - HikariPool-1 - Start completed.
06:28:13.942 [main] INFO  liquibase.lockservice - Successfully acquired change log lock
06:28:14.270 [main] INFO  liquibase.changelog - Reading from http_api.DATABASECHANGELOG
06:28:14.351 [main] INFO  liquibase.lockservice - Successfully released change log lock
06:28:14.466 [main] INFO  o.h.jpa.internal.util.LogHelper - HHH000204: Processing PersistenceUnitInfo [name: default]
06:28:14.540 [main] INFO  org.hibernate.Version - HHH000412: Hibernate ORM core version 5.6.12.Final
06:28:14.718 [main] INFO  o.h.annotations.common.Version - HCANN000001: Hibernate Commons Annotations {5.1.2.Final}
06:28:14.881 [main] INFO  org.hibernate.dialect.Dialect - HHH000400: Using dialect: org.hibernate.dialect.MySQL8Dialect
06:28:15.574 [main] INFO  o.h.e.t.j.p.i.JtaPlatformInitiator - HHH000490: Using JtaPlatform implementation: [org.hibernate.engine.transaction.jta.platform.internal.NoJtaPlatform]
06:28:15.582 [main] INFO  o.s.o.j.LocalContainerEntityManagerFactoryBean - Initialized JPA EntityManagerFactory for persistence unit 'default'
06:28:16.996 [main] INFO  o.s.b.t.m.w.SpringBootMockServletContext - Initializing Spring TestDispatcherServlet ''
06:28:16.997 [main] INFO  o.s.t.w.s.TestDispatcherServlet - Initializing Servlet ''
06:28:16.999 [main] INFO  o.s.t.w.s.TestDispatcherServlet - Completed initialization in 2 ms
06:28:17.025 [main] INFO  c.y.h.c.TestClientController - Started TestClientController in 5.92 seconds (JVM running for 7.424)
06:28:17.447 [SpringApplicationShutdownHook] INFO  o.s.o.j.LocalContainerEntityManagerFactoryBean - Closing JPA EntityManagerFactory for persistence unit 'default'
06:28:17.449 [SpringApplicationShutdownHook] INFO  com.zaxxer.hikari.HikariDataSource - HikariPool-1 - Shutdown initiated...
06:28:17.457 [SpringApplicationShutdownHook] INFO  com.zaxxer.hikari.HikariDataSource - HikariPool-1 - Shutdown completed.
06:37:03.094 [main] INFO  o.s.b.t.c.SpringBootTestContextBootstrapper - Neither @ContextConfiguration nor @ContextHierarchy found for test class [com.yan.http_api.controller.TestClientController], using SpringBootContextLoader
06:37:03.104 [main] INFO  o.s.t.c.s.AbstractContextLoader - Could not detect default resource locations for test class [com.yan.http_api.controller.TestClientController]: no resource found for suffixes {-context.xml, Context.groovy}.
06:37:03.105 [main] INFO  o.s.t.c.s.AnnotationConfigContextLoaderUtils - Could not detect default configuration classes for test class [com.yan.http_api.controller.TestClientController]: TestClientController does not declare any static, non-private, non-final, nested classes annotated with @Configuration.
06:37:03.305 [main] INFO  o.s.b.t.c.SpringBootTestContextBootstrapper - Found @SpringBootConfiguration com.yan.http_api.HttpApiApplication for test class com.yan.http_api.controller.TestClientController
06:37:03.436 [main] INFO  o.s.b.t.c.SpringBootTestContextBootstrapper - Loaded default TestExecutionListener class names from location [META-INF/spring.factories]: [org.springframework.boot.test.mock.mockito.MockitoTestExecutionListener, org.springframework.boot.test.mock.mockito.ResetMocksTestExecutionListener, org.springframework.boot.test.autoconfigure.restdocs.RestDocsTestExecutionListener, org.springframework.boot.test.autoconfigure.web.client.MockRestServiceServerResetTestExecutionListener, org.springframework.boot.test.autoconfigure.web.servlet.MockMvcPrintOnlyOnFailureTestExecutionListener, org.springframework.boot.test.autoconfigure.web.servlet.WebDriverTestExecutionListener, org.springframework.boot.test.autoconfigure.webservices.client.MockWebServiceServerTestExecutionListener, org.springframework.test.context.web.ServletTestExecutionListener, org.springframework.test.context.support.DirtiesContextBeforeModesTestExecutionListener, org.springframework.test.context.event.ApplicationEventsTestExecutionListener, org.springframework.test.context.support.DependencyInjectionTestExecutionListener, org.springframework.test.context.support.DirtiesContextTestExecutionListener, org.springframework.test.context.transaction.TransactionalTestExecutionListener, org.springframework.test.context.jdbc.SqlScriptsTestExecutionListener, org.springframework.test.context.event.EventPublishingTestExecutionListener]
06:37:03.459 [main] INFO  o.s.b.t.c.SpringBootTestContextBootstrapper - Using TestExecutionListeners: [org.springframework.test.context.web.ServletTestExecutionListener@3c989952, org.springframework.test.context.support.DirtiesContextBeforeModesTestExecutionListener@784b990c, org.springframework.test.context.event.ApplicationEventsTestExecutionListener@3d3ba765, org.springframework.boot.test.mock.mockito.MockitoTestExecutionListener@25bc0606, org.springframework.boot.test.autoconfigure.SpringBootDependencyInjectionTestExecutionListener@5d1659ea, org.springframework.test.context.support.DirtiesContextTestExecutionListener@793138bd, org.springframework.test.context.transaction.TransactionalTestExecutionListener@1951b871, org.springframework.test.context.jdbc.SqlScriptsTestExecutionListener@5c18016b, org.springframework.test.context.event.EventPublishingTestExecutionListener@33aeca0b, org.springframework.boot.test.mock.mockito.ResetMocksTestExecutionListener@43aaf813, org.springframework.boot.test.autoconfigure.restdocs.RestDocsTestExecutionListener@57ac5227, org.springframework.boot.test.autoconfigure.web.client.MockRestServiceServerResetTestExecutionListener@4ba302e0, org.springframework.boot.test.autoconfigure.web.servlet.MockMvcPrintOnlyOnFailureTestExecutionListener@e98770d, org.springframework.boot.test.autoconfigure.web.servlet.WebDriverTestExecutionListener@1ae67cad, org.springframework.boot.test.autoconfigure.webservices.client.MockWebServiceServerTestExecutionListener@2f6e28bc]
06:46:32.892 [main] INFO  o.s.b.t.c.SpringBootTestContextBootstrapper - Neither @ContextConfiguration nor @ContextHierarchy found for test class [com.yan.http_api.controller.TestClientController], using SpringBootContextLoader
06:46:32.903 [main] INFO  o.s.t.c.s.AbstractContextLoader - Could not detect default resource locations for test class [com.yan.http_api.controller.TestClientController]: no resource found for suffixes {-context.xml, Context.groovy}.
06:46:32.904 [main] INFO  o.s.t.c.s.AnnotationConfigContextLoaderUtils - Could not detect default configuration classes for test class [com.yan.http_api.controller.TestClientController]: TestClientController does not declare any static, non-private, non-final, nested classes annotated with @Configuration.
06:46:33.175 [main] INFO  o.s.b.t.c.SpringBootTestContextBootstrapper - Found @SpringBootConfiguration com.yan.http_api.HttpApiApplication for test class com.yan.http_api.controller.TestClientController
06:46:33.346 [main] INFO  o.s.b.t.c.SpringBootTestContextBootstrapper - Loaded default TestExecutionListener class names from location [META-INF/spring.factories]: [org.springframework.boot.test.mock.mockito.MockitoTestExecutionListener, org.springframework.boot.test.mock.mockito.ResetMocksTestExecutionListener, org.springframework.boot.test.autoconfigure.restdocs.RestDocsTestExecutionListener, org.springframework.boot.test.autoconfigure.web.client.MockRestServiceServerResetTestExecutionListener, org.springframework.boot.test.autoconfigure.web.servlet.MockMvcPrintOnlyOnFailureTestExecutionListener, org.springframework.boot.test.autoconfigure.web.servlet.WebDriverTestExecutionListener, org.springframework.boot.test.autoconfigure.webservices.client.MockWebServiceServerTestExecutionListener, org.springframework.test.context.web.ServletTestExecutionListener, org.springframework.test.context.support.DirtiesContextBeforeModesTestExecutionListener, org.springframework.test.context.event.ApplicationEventsTestExecutionListener, org.springframework.test.context.support.DependencyInjectionTestExecutionListener, org.springframework.test.context.support.DirtiesContextTestExecutionListener, org.springframework.test.context.transaction.TransactionalTestExecutionListener, org.springframework.test.context.jdbc.SqlScriptsTestExecutionListener, org.springframework.test.context.event.EventPublishingTestExecutionListener]
06:46:33.372 [main] INFO  o.s.b.t.c.SpringBootTestContextBootstrapper - Using TestExecutionListeners: [org.springframework.test.context.web.ServletTestExecutionListener@13f17eb4, org.springframework.test.context.support.DirtiesContextBeforeModesTestExecutionListener@1d0d6318, org.springframework.test.context.event.ApplicationEventsTestExecutionListener@4bc28c33, org.springframework.boot.test.mock.mockito.MockitoTestExecutionListener@4409e975, org.springframework.boot.test.autoconfigure.SpringBootDependencyInjectionTestExecutionListener@5c153b9e, org.springframework.test.context.support.DirtiesContextTestExecutionListener@2a7686a7, org.springframework.test.context.transaction.TransactionalTestExecutionListener@758a34ce, org.springframework.test.context.jdbc.SqlScriptsTestExecutionListener@7ec3394b, org.springframework.test.context.event.EventPublishingTestExecutionListener@bff34c6, org.springframework.boot.test.mock.mockito.ResetMocksTestExecutionListener@1522d8a0, org.springframework.boot.test.autoconfigure.restdocs.RestDocsTestExecutionListener@312ab28e, org.springframework.boot.test.autoconfigure.web.client.MockRestServiceServerResetTestExecutionListener@5644dc81, org.springframework.boot.test.autoconfigure.web.servlet.MockMvcPrintOnlyOnFailureTestExecutionListener@246f8b8b, org.springframework.boot.test.autoconfigure.web.servlet.WebDriverTestExecutionListener@278bb07e, org.springframework.boot.test.autoconfigure.webservices.client.MockWebServiceServerTestExecutionListener@4351c8c3]
06:46:33.844 [background-preinit] INFO  o.h.validator.internal.util.Version - HV000001: Hibernate Validator 6.2.5.Final
06:46:33.845 [main] INFO  c.y.h.c.TestClientController - Starting TestClientController using Java 18.0.2 on DESKTOP-DM18JUN with PID 2680 (started by caiii in D:\Google Drive\Java projects\HTTP_API)
06:46:33.846 [main] INFO  c.y.h.c.TestClientController - No active profile set, falling back to 1 default profile: "default"
06:46:34.771 [main] INFO  o.s.d.r.c.RepositoryConfigurationDelegate - Bootstrapping Spring Data JPA repositories in DEFAULT mode.
06:46:34.841 [main] INFO  o.s.d.r.c.RepositoryConfigurationDelegate - Finished Spring Data repository scanning in 56 ms. Found 2 JPA repository interfaces.
06:46:35.678 [main] INFO  com.zaxxer.hikari.HikariDataSource - HikariPool-1 - Starting...
06:46:36.209 [main] INFO  com.zaxxer.hikari.HikariDataSource - HikariPool-1 - Start completed.
06:46:36.617 [main] INFO  liquibase.lockservice - Successfully acquired change log lock
06:46:36.992 [main] INFO  liquibase.changelog - Reading from http_api.DATABASECHANGELOG
06:46:37.088 [main] INFO  liquibase.lockservice - Successfully released change log lock
06:46:37.248 [main] INFO  o.h.jpa.internal.util.LogHelper - HHH000204: Processing PersistenceUnitInfo [name: default]
06:46:37.332 [main] INFO  org.hibernate.Version - HHH000412: Hibernate ORM core version 5.6.12.Final
06:46:37.505 [main] INFO  o.h.annotations.common.Version - HCANN000001: Hibernate Commons Annotations {5.1.2.Final}
06:46:37.664 [main] INFO  org.hibernate.dialect.Dialect - HHH000400: Using dialect: org.hibernate.dialect.MySQL8Dialect
06:46:38.384 [main] INFO  o.h.e.t.j.p.i.JtaPlatformInitiator - HHH000490: Using JtaPlatform implementation: [org.hibernate.engine.transaction.jta.platform.internal.NoJtaPlatform]
06:46:38.392 [main] INFO  o.s.o.j.LocalContainerEntityManagerFactoryBean - Initialized JPA EntityManagerFactory for persistence unit 'default'
06:46:39.821 [main] INFO  o.s.b.t.m.w.SpringBootMockServletContext - Initializing Spring TestDispatcherServlet ''
06:46:39.822 [main] INFO  o.s.t.w.s.TestDispatcherServlet - Initializing Servlet ''
06:46:39.823 [main] INFO  o.s.t.w.s.TestDispatcherServlet - Completed initialization in 1 ms
06:46:39.848 [main] INFO  c.y.h.c.TestClientController - Started TestClientController in 6.4 seconds (JVM running for 8.255)
06:46:40.294 [SpringApplicationShutdownHook] INFO  o.s.o.j.LocalContainerEntityManagerFactoryBean - Closing JPA EntityManagerFactory for persistence unit 'default'
06:46:40.296 [SpringApplicationShutdownHook] INFO  com.zaxxer.hikari.HikariDataSource - HikariPool-1 - Shutdown initiated...
06:46:40.306 [SpringApplicationShutdownHook] INFO  com.zaxxer.hikari.HikariDataSource - HikariPool-1 - Shutdown completed.
06:51:34.794 [main] INFO  o.s.b.t.c.SpringBootTestContextBootstrapper - Neither @ContextConfiguration nor @ContextHierarchy found for test class [com.yan.http_api.controller.TestClientController], using SpringBootContextLoader
06:51:34.802 [main] INFO  o.s.t.c.s.AbstractContextLoader - Could not detect default resource locations for test class [com.yan.http_api.controller.TestClientController]: no resource found for suffixes {-context.xml, Context.groovy}.
06:51:34.803 [main] INFO  o.s.t.c.s.AnnotationConfigContextLoaderUtils - Could not detect default configuration classes for test class [com.yan.http_api.controller.TestClientController]: TestClientController does not declare any static, non-private, non-final, nested classes annotated with @Configuration.
06:51:35.005 [main] INFO  o.s.b.t.c.SpringBootTestContextBootstrapper - Found @SpringBootConfiguration com.yan.http_api.HttpApiApplication for test class com.yan.http_api.controller.TestClientController
06:51:35.144 [main] INFO  o.s.b.t.c.SpringBootTestContextBootstrapper - Loaded default TestExecutionListener class names from location [META-INF/spring.factories]: [org.springframework.boot.test.mock.mockito.MockitoTestExecutionListener, org.springframework.boot.test.mock.mockito.ResetMocksTestExecutionListener, org.springframework.boot.test.autoconfigure.restdocs.RestDocsTestExecutionListener, org.springframework.boot.test.autoconfigure.web.client.MockRestServiceServerResetTestExecutionListener, org.springframework.boot.test.autoconfigure.web.servlet.MockMvcPrintOnlyOnFailureTestExecutionListener, org.springframework.boot.test.autoconfigure.web.servlet.WebDriverTestExecutionListener, org.springframework.boot.test.autoconfigure.webservices.client.MockWebServiceServerTestExecutionListener, org.springframework.test.context.web.ServletTestExecutionListener, org.springframework.test.context.support.DirtiesContextBeforeModesTestExecutionListener, org.springframework.test.context.event.ApplicationEventsTestExecutionListener, org.springframework.test.context.support.DependencyInjectionTestExecutionListener, org.springframework.test.context.support.DirtiesContextTestExecutionListener, org.springframework.test.context.transaction.TransactionalTestExecutionListener, org.springframework.test.context.jdbc.SqlScriptsTestExecutionListener, org.springframework.test.context.event.EventPublishingTestExecutionListener]
06:51:35.169 [main] INFO  o.s.b.t.c.SpringBootTestContextBootstrapper - Using TestExecutionListeners: [org.springframework.test.context.web.ServletTestExecutionListener@5c153b9e, org.springframework.test.context.support.DirtiesContextBeforeModesTestExecutionListener@2a7686a7, org.springframework.test.context.event.ApplicationEventsTestExecutionListener@758a34ce, org.springframework.boot.test.mock.mockito.MockitoTestExecutionListener@7ec3394b, org.springframework.boot.test.autoconfigure.SpringBootDependencyInjectionTestExecutionListener@bff34c6, org.springframework.test.context.support.DirtiesContextTestExecutionListener@1522d8a0, org.springframework.test.context.transaction.TransactionalTestExecutionListener@312ab28e, org.springframework.test.context.jdbc.SqlScriptsTestExecutionListener@5644dc81, org.springframework.test.context.event.EventPublishingTestExecutionListener@246f8b8b, org.springframework.boot.test.mock.mockito.ResetMocksTestExecutionListener@278bb07e, org.springframework.boot.test.autoconfigure.restdocs.RestDocsTestExecutionListener@4351c8c3, org.springframework.boot.test.autoconfigure.web.client.MockRestServiceServerResetTestExecutionListener@3381b4fc, org.springframework.boot.test.autoconfigure.web.servlet.MockMvcPrintOnlyOnFailureTestExecutionListener@6bea52d4, org.springframework.boot.test.autoconfigure.web.servlet.WebDriverTestExecutionListener@11981797, org.springframework.boot.test.autoconfigure.webservices.client.MockWebServiceServerTestExecutionListener@5c42d2b7]
06:51:35.571 [main] INFO  c.y.h.c.TestClientController - Starting TestClientController using Java 18.0.2 on DESKTOP-DM18JUN with PID 13332 (started by caiii in D:\Google Drive\Java projects\HTTP_API)
06:51:35.572 [main] INFO  c.y.h.c.TestClientController - No active profile set, falling back to 1 default profile: "default"
06:51:35.579 [background-preinit] INFO  o.h.validator.internal.util.Version - HV000001: Hibernate Validator 6.2.5.Final
06:51:36.468 [main] INFO  o.s.d.r.c.RepositoryConfigurationDelegate - Bootstrapping Spring Data JPA repositories in DEFAULT mode.
06:51:36.551 [main] INFO  o.s.d.r.c.RepositoryConfigurationDelegate - Finished Spring Data repository scanning in 67 ms. Found 2 JPA repository interfaces.
06:51:37.335 [main] INFO  com.zaxxer.hikari.HikariDataSource - HikariPool-1 - Starting...
06:51:37.840 [main] INFO  com.zaxxer.hikari.HikariDataSource - HikariPool-1 - Start completed.
06:51:38.259 [main] INFO  liquibase.lockservice - Successfully acquired change log lock
06:51:38.565 [main] INFO  liquibase.changelog - Reading from http_api.DATABASECHANGELOG
06:51:38.652 [main] INFO  liquibase.lockservice - Successfully released change log lock
06:51:38.760 [main] INFO  o.h.jpa.internal.util.LogHelper - HHH000204: Processing PersistenceUnitInfo [name: default]
06:51:38.839 [main] INFO  org.hibernate.Version - HHH000412: Hibernate ORM core version 5.6.12.Final
06:51:39.009 [main] INFO  o.h.annotations.common.Version - HCANN000001: Hibernate Commons Annotations {5.1.2.Final}
06:51:39.149 [main] INFO  org.hibernate.dialect.Dialect - HHH000400: Using dialect: org.hibernate.dialect.MySQL8Dialect
06:51:39.860 [main] INFO  o.h.e.t.j.p.i.JtaPlatformInitiator - HHH000490: Using JtaPlatform implementation: [org.hibernate.engine.transaction.jta.platform.internal.NoJtaPlatform]
06:51:39.868 [main] INFO  o.s.o.j.LocalContainerEntityManagerFactoryBean - Initialized JPA EntityManagerFactory for persistence unit 'default'
06:51:41.312 [main] INFO  o.s.b.t.m.w.SpringBootMockServletContext - Initializing Spring TestDispatcherServlet ''
06:51:41.313 [main] INFO  o.s.t.w.s.TestDispatcherServlet - Initializing Servlet ''
06:51:41.315 [main] INFO  o.s.t.w.s.TestDispatcherServlet - Completed initialization in 2 ms
06:51:41.342 [main] INFO  c.y.h.c.TestClientController - Started TestClientController in 6.121 seconds (JVM running for 7.673)
06:51:41.775 [SpringApplicationShutdownHook] INFO  o.s.o.j.LocalContainerEntityManagerFactoryBean - Closing JPA EntityManagerFactory for persistence unit 'default'
06:51:41.777 [SpringApplicationShutdownHook] INFO  com.zaxxer.hikari.HikariDataSource - HikariPool-1 - Shutdown initiated...
06:51:41.786 [SpringApplicationShutdownHook] INFO  com.zaxxer.hikari.HikariDataSource - HikariPool-1 - Shutdown completed.
06:54:02.360 [main] INFO  o.s.b.t.c.SpringBootTestContextBootstrapper - Neither @ContextConfiguration nor @ContextHierarchy found for test class [com.yan.http_api.controller.TestClientController], using SpringBootContextLoader
06:54:02.367 [main] INFO  o.s.t.c.s.AbstractContextLoader - Could not detect default resource locations for test class [com.yan.http_api.controller.TestClientController]: no resource found for suffixes {-context.xml, Context.groovy}.
06:54:02.368 [main] INFO  o.s.t.c.s.AnnotationConfigContextLoaderUtils - Could not detect default configuration classes for test class [com.yan.http_api.controller.TestClientController]: TestClientController does not declare any static, non-private, non-final, nested classes annotated with @Configuration.
06:54:02.546 [main] INFO  o.s.b.t.c.SpringBootTestContextBootstrapper - Found @SpringBootConfiguration com.yan.http_api.HttpApiApplication for test class com.yan.http_api.controller.TestClientController
06:54:02.668 [main] INFO  o.s.b.t.c.SpringBootTestContextBootstrapper - Loaded default TestExecutionListener class names from location [META-INF/spring.factories]: [org.springframework.boot.test.mock.mockito.MockitoTestExecutionListener, org.springframework.boot.test.mock.mockito.ResetMocksTestExecutionListener, org.springframework.boot.test.autoconfigure.restdocs.RestDocsTestExecutionListener, org.springframework.boot.test.autoconfigure.web.client.MockRestServiceServerResetTestExecutionListener, org.springframework.boot.test.autoconfigure.web.servlet.MockMvcPrintOnlyOnFailureTestExecutionListener, org.springframework.boot.test.autoconfigure.web.servlet.WebDriverTestExecutionListener, org.springframework.boot.test.autoconfigure.webservices.client.MockWebServiceServerTestExecutionListener, org.springframework.test.context.web.ServletTestExecutionListener, org.springframework.test.context.support.DirtiesContextBeforeModesTestExecutionListener, org.springframework.test.context.event.ApplicationEventsTestExecutionListener, org.springframework.test.context.support.DependencyInjectionTestExecutionListener, org.springframework.test.context.support.DirtiesContextTestExecutionListener, org.springframework.test.context.transaction.TransactionalTestExecutionListener, org.springframework.test.context.jdbc.SqlScriptsTestExecutionListener, org.springframework.test.context.event.EventPublishingTestExecutionListener]
06:54:02.686 [main] INFO  o.s.b.t.c.SpringBootTestContextBootstrapper - Using TestExecutionListeners: [org.springframework.test.context.web.ServletTestExecutionListener@7ec3394b, org.springframework.test.context.support.DirtiesContextBeforeModesTestExecutionListener@bff34c6, org.springframework.test.context.event.ApplicationEventsTestExecutionListener@1522d8a0, org.springframework.boot.test.mock.mockito.MockitoTestExecutionListener@312ab28e, org.springframework.boot.test.autoconfigure.SpringBootDependencyInjectionTestExecutionListener@5644dc81, org.springframework.test.context.support.DirtiesContextTestExecutionListener@246f8b8b, org.springframework.test.context.transaction.TransactionalTestExecutionListener@278bb07e, org.springframework.test.context.jdbc.SqlScriptsTestExecutionListener@4351c8c3, org.springframework.test.context.event.EventPublishingTestExecutionListener@3381b4fc, org.springframework.boot.test.mock.mockito.ResetMocksTestExecutionListener@6bea52d4, org.springframework.boot.test.autoconfigure.restdocs.RestDocsTestExecutionListener@11981797, org.springframework.boot.test.autoconfigure.web.client.MockRestServiceServerResetTestExecutionListener@5c42d2b7, org.springframework.boot.test.autoconfigure.web.servlet.MockMvcPrintOnlyOnFailureTestExecutionListener@625abb97, org.springframework.boot.test.autoconfigure.web.servlet.WebDriverTestExecutionListener@5b1f29fa, org.springframework.boot.test.autoconfigure.webservices.client.MockWebServiceServerTestExecutionListener@aeab9a1]
06:54:03.080 [main] INFO  c.y.h.c.TestClientController - Starting TestClientController using Java 18.0.2 on DESKTOP-DM18JUN with PID 12400 (started by caiii in D:\Google Drive\Java projects\HTTP_API)
06:54:03.082 [main] INFO  c.y.h.c.TestClientController - No active profile set, falling back to 1 default profile: "default"
06:54:03.083 [background-preinit] INFO  o.h.validator.internal.util.Version - HV000001: Hibernate Validator 6.2.5.Final
06:54:03.863 [main] INFO  o.s.d.r.c.RepositoryConfigurationDelegate - Bootstrapping Spring Data JPA repositories in DEFAULT mode.
06:54:03.931 [main] INFO  o.s.d.r.c.RepositoryConfigurationDelegate - Finished Spring Data repository scanning in 53 ms. Found 2 JPA repository interfaces.
06:54:04.746 [main] INFO  com.zaxxer.hikari.HikariDataSource - HikariPool-1 - Starting...
06:54:05.153 [main] INFO  com.zaxxer.hikari.HikariDataSource - HikariPool-1 - Start completed.
06:54:05.556 [main] INFO  liquibase.lockservice - Successfully acquired change log lock
06:54:05.901 [main] INFO  liquibase.changelog - Reading from http_api.DATABASECHANGELOG
06:54:05.981 [main] INFO  liquibase.lockservice - Successfully released change log lock
06:54:06.085 [main] INFO  o.h.jpa.internal.util.LogHelper - HHH000204: Processing PersistenceUnitInfo [name: default]
06:54:06.138 [main] INFO  org.hibernate.Version - HHH000412: Hibernate ORM core version 5.6.12.Final
06:54:06.293 [main] INFO  o.h.annotations.common.Version - HCANN000001: Hibernate Commons Annotations {5.1.2.Final}
06:54:06.425 [main] INFO  org.hibernate.dialect.Dialect - HHH000400: Using dialect: org.hibernate.dialect.MySQL8Dialect
06:54:07.081 [main] INFO  o.h.e.t.j.p.i.JtaPlatformInitiator - HHH000490: Using JtaPlatform implementation: [org.hibernate.engine.transaction.jta.platform.internal.NoJtaPlatform]
06:54:07.089 [main] INFO  o.s.o.j.LocalContainerEntityManagerFactoryBean - Initialized JPA EntityManagerFactory for persistence unit 'default'
06:54:08.542 [main] INFO  o.s.b.t.m.w.SpringBootMockServletContext - Initializing Spring TestDispatcherServlet ''
06:54:08.543 [main] INFO  o.s.t.w.s.TestDispatcherServlet - Initializing Servlet ''
06:54:08.546 [main] INFO  o.s.t.w.s.TestDispatcherServlet - Completed initialization in 2 ms
06:54:08.571 [main] INFO  c.y.h.c.TestClientController - Started TestClientController in 5.837 seconds (JVM running for 7.287)
06:54:09.011 [SpringApplicationShutdownHook] INFO  o.s.o.j.LocalContainerEntityManagerFactoryBean - Closing JPA EntityManagerFactory for persistence unit 'default'
06:54:09.013 [SpringApplicationShutdownHook] INFO  com.zaxxer.hikari.HikariDataSource - HikariPool-1 - Shutdown initiated...
06:54:09.022 [SpringApplicationShutdownHook] INFO  com.zaxxer.hikari.HikariDataSource - HikariPool-1 - Shutdown completed.
06:55:37.236 [main] INFO  o.s.b.t.c.SpringBootTestContextBootstrapper - Neither @ContextConfiguration nor @ContextHierarchy found for test class [com.yan.http_api.controller.TestClientController], using SpringBootContextLoader
06:55:37.248 [main] INFO  o.s.t.c.s.AbstractContextLoader - Could not detect default resource locations for test class [com.yan.http_api.controller.TestClientController]: no resource found for suffixes {-context.xml, Context.groovy}.
06:55:37.250 [main] INFO  o.s.t.c.s.AnnotationConfigContextLoaderUtils - Could not detect default configuration classes for test class [com.yan.http_api.controller.TestClientController]: TestClientController does not declare any static, non-private, non-final, nested classes annotated with @Configuration.
06:55:37.488 [main] INFO  o.s.b.t.c.SpringBootTestContextBootstrapper - Found @SpringBootConfiguration com.yan.http_api.HttpApiApplication for test class com.yan.http_api.controller.TestClientController
06:55:37.592 [main] INFO  o.s.b.t.c.SpringBootTestContextBootstrapper - Loaded default TestExecutionListener class names from location [META-INF/spring.factories]: [org.springframework.boot.test.mock.mockito.MockitoTestExecutionListener, org.springframework.boot.test.mock.mockito.ResetMocksTestExecutionListener, org.springframework.boot.test.autoconfigure.restdocs.RestDocsTestExecutionListener, org.springframework.boot.test.autoconfigure.web.client.MockRestServiceServerResetTestExecutionListener, org.springframework.boot.test.autoconfigure.web.servlet.MockMvcPrintOnlyOnFailureTestExecutionListener, org.springframework.boot.test.autoconfigure.web.servlet.WebDriverTestExecutionListener, org.springframework.boot.test.autoconfigure.webservices.client.MockWebServiceServerTestExecutionListener, org.springframework.test.context.web.ServletTestExecutionListener, org.springframework.test.context.support.DirtiesContextBeforeModesTestExecutionListener, org.springframework.test.context.event.ApplicationEventsTestExecutionListener, org.springframework.test.context.support.DependencyInjectionTestExecutionListener, org.springframework.test.context.support.DirtiesContextTestExecutionListener, org.springframework.test.context.transaction.TransactionalTestExecutionListener, org.springframework.test.context.jdbc.SqlScriptsTestExecutionListener, org.springframework.test.context.event.EventPublishingTestExecutionListener]
06:55:37.610 [main] INFO  o.s.b.t.c.SpringBootTestContextBootstrapper - Using TestExecutionListeners: [org.springframework.test.context.web.ServletTestExecutionListener@5c18016b, org.springframework.test.context.support.DirtiesContextBeforeModesTestExecutionListener@33aeca0b, org.springframework.test.context.event.ApplicationEventsTestExecutionListener@43aaf813, org.springframework.boot.test.mock.mockito.MockitoTestExecutionListener@57ac5227, org.springframework.boot.test.autoconfigure.SpringBootDependencyInjectionTestExecutionListener@4ba302e0, org.springframework.test.context.support.DirtiesContextTestExecutionListener@e98770d, org.springframework.test.context.transaction.TransactionalTestExecutionListener@1ae67cad, org.springframework.test.context.jdbc.SqlScriptsTestExecutionListener@2f6e28bc, org.springframework.test.context.event.EventPublishingTestExecutionListener@7c098bb3, org.springframework.boot.test.mock.mockito.ResetMocksTestExecutionListener@31e4bb20, org.springframework.boot.test.autoconfigure.restdocs.RestDocsTestExecutionListener@18cebaa5, org.springframework.boot.test.autoconfigure.web.client.MockRestServiceServerResetTestExecutionListener@463b4ac8, org.springframework.boot.test.autoconfigure.web.servlet.MockMvcPrintOnlyOnFailureTestExecutionListener@765f05af, org.springframework.boot.test.autoconfigure.web.servlet.WebDriverTestExecutionListener@62f68dff, org.springframework.boot.test.autoconfigure.webservices.client.MockWebServiceServerTestExecutionListener@f001896]
06:55:37.996 [main] INFO  c.y.h.c.TestClientController - Starting TestClientController using Java 18.0.2 on DESKTOP-DM18JUN with PID 7948 (started by caiii in D:\Google Drive\Java projects\HTTP_API)
06:55:37.998 [main] INFO  c.y.h.c.TestClientController - No active profile set, falling back to 1 default profile: "default"
06:55:37.999 [background-preinit] INFO  o.h.validator.internal.util.Version - HV000001: Hibernate Validator 6.2.5.Final
06:55:38.791 [main] INFO  o.s.d.r.c.RepositoryConfigurationDelegate - Bootstrapping Spring Data JPA repositories in DEFAULT mode.
06:55:38.856 [main] INFO  o.s.d.r.c.RepositoryConfigurationDelegate - Finished Spring Data repository scanning in 51 ms. Found 2 JPA repository interfaces.
06:55:39.572 [main] INFO  com.zaxxer.hikari.HikariDataSource - HikariPool-1 - Starting...
06:55:40.021 [main] INFO  com.zaxxer.hikari.HikariDataSource - HikariPool-1 - Start completed.
06:55:40.385 [main] INFO  liquibase.lockservice - Successfully acquired change log lock
06:55:40.725 [main] INFO  liquibase.changelog - Reading from http_api.DATABASECHANGELOG
06:55:40.802 [main] INFO  liquibase.lockservice - Successfully released change log lock
06:55:40.922 [main] INFO  o.h.jpa.internal.util.LogHelper - HHH000204: Processing PersistenceUnitInfo [name: default]
06:55:40.983 [main] INFO  org.hibernate.Version - HHH000412: Hibernate ORM core version 5.6.12.Final
06:55:41.134 [main] INFO  o.h.annotations.common.Version - HCANN000001: Hibernate Commons Annotations {5.1.2.Final}
06:55:41.283 [main] INFO  org.hibernate.dialect.Dialect - HHH000400: Using dialect: org.hibernate.dialect.MySQL8Dialect
06:55:41.936 [main] INFO  o.h.e.t.j.p.i.JtaPlatformInitiator - HHH000490: Using JtaPlatform implementation: [org.hibernate.engine.transaction.jta.platform.internal.NoJtaPlatform]
06:55:41.944 [main] INFO  o.s.o.j.LocalContainerEntityManagerFactoryBean - Initialized JPA EntityManagerFactory for persistence unit 'default'
06:55:43.362 [main] INFO  o.s.b.t.m.w.SpringBootMockServletContext - Initializing Spring TestDispatcherServlet ''
06:55:43.363 [main] INFO  o.s.t.w.s.TestDispatcherServlet - Initializing Servlet ''
06:55:43.364 [main] INFO  o.s.t.w.s.TestDispatcherServlet - Completed initialization in 1 ms
06:55:43.393 [main] INFO  c.y.h.c.TestClientController - Started TestClientController in 5.737 seconds (JVM running for 7.28)
06:55:43.965 [SpringApplicationShutdownHook] INFO  o.s.o.j.LocalContainerEntityManagerFactoryBean - Closing JPA EntityManagerFactory for persistence unit 'default'
06:55:43.968 [SpringApplicationShutdownHook] INFO  com.zaxxer.hikari.HikariDataSource - HikariPool-1 - Shutdown initiated...
06:55:43.983 [SpringApplicationShutdownHook] INFO  com.zaxxer.hikari.HikariDataSource - HikariPool-1 - Shutdown completed.
