21:55:19.534 [restartedMain] INFO  com.yan.http_api.HttpApiApplication - Starting HttpApiApplication using Java 18.0.2 on DESKTOP-DM18JUN with PID 7448 (D:\Google Drive\Java projects\HTTP_API\target\classes started by caiii in D:\Google Drive\Java projects\HTTP_API)
21:55:19.534 [background-preinit] INFO  o.h.validator.internal.util.Version - HV000001: Hibernate Validator 6.2.5.Final
21:55:19.538 [restartedMain] INFO  com.yan.http_api.HttpApiApplication - No active profile set, falling back to 1 default profile: "default"
21:55:19.620 [restartedMain] INFO  o.s.b.d.e.DevToolsPropertyDefaultsPostProcessor - Devtools property defaults active! Set 'spring.devtools.add-properties' to 'false' to disable
21:55:19.622 [restartedMain] INFO  o.s.b.d.e.DevToolsPropertyDefaultsPostProcessor - For additional web related logging consider setting the 'logging.level.web' property to 'DEBUG'
21:55:20.640 [restartedMain] INFO  o.s.d.r.c.RepositoryConfigurationDelegate - Bootstrapping Spring Data JPA repositories in DEFAULT mode.
21:55:20.753 [restartedMain] INFO  o.s.d.r.c.RepositoryConfigurationDelegate - Finished Spring Data repository scanning in 95 ms. Found 2 JPA repository interfaces.
21:55:21.802 [restartedMain] INFO  o.s.b.w.e.tomcat.TomcatWebServer - Tomcat initialized with port(s): 8080 (http)
21:55:21.821 [restartedMain] INFO  o.a.coyote.http11.Http11NioProtocol - Initializing ProtocolHandler ["http-nio-8080"]
21:55:21.823 [restartedMain] INFO  o.a.catalina.core.StandardService - Starting service [Tomcat]
21:55:21.823 [restartedMain] INFO  o.a.catalina.core.StandardEngine - Starting Servlet engine: [Apache Tomcat/9.0.68]
21:55:22.004 [restartedMain] INFO  o.a.c.c.C.[Tomcat].[localhost].[/] - Initializing Spring embedded WebApplicationContext
21:55:22.005 [restartedMain] INFO  o.s.b.w.s.c.ServletWebServerApplicationContext - Root WebApplicationContext: initialization completed in 2382 ms
21:55:22.361 [restartedMain] INFO  com.zaxxer.hikari.HikariDataSource - HikariPool-1 - Starting...
21:55:22.979 [restartedMain] INFO  com.zaxxer.hikari.HikariDataSource - HikariPool-1 - Start completed.
21:55:23.800 [restartedMain] INFO  liquibase.lockservice - Successfully acquired change log lock
21:55:24.330 [restartedMain] INFO  liquibase.changelog - Reading from http_api.DATABASECHANGELOG
21:55:24.423 [restartedMain] INFO  liquibase.lockservice - Successfully released change log lock
21:55:24.512 [restartedMain] INFO  o.h.jpa.internal.util.LogHelper - HHH000204: Processing PersistenceUnitInfo [name: default]
21:55:24.611 [restartedMain] INFO  org.hibernate.Version - HHH000412: Hibernate ORM core version 5.6.12.Final
21:55:24.845 [restartedMain] INFO  o.h.annotations.common.Version - HCANN000001: Hibernate Commons Annotations {5.1.2.Final}
21:55:25.018 [restartedMain] INFO  org.hibernate.dialect.Dialect - HHH000400: Using dialect: org.hibernate.dialect.MySQL8Dialect
21:55:26.181 [restartedMain] INFO  o.h.e.t.j.p.i.JtaPlatformInitiator - HHH000490: Using JtaPlatform implementation: [org.hibernate.engine.transaction.jta.platform.internal.NoJtaPlatform]
21:55:26.205 [restartedMain] INFO  o.s.o.j.LocalContainerEntityManagerFactoryBean - Initialized JPA EntityManagerFactory for persistence unit 'default'
21:55:27.417 [restartedMain] INFO  o.s.b.d.a.OptionalLiveReloadServer - LiveReload server is running on port 35729
21:55:27.455 [restartedMain] INFO  o.a.coyote.http11.Http11NioProtocol - Starting ProtocolHandler ["http-nio-8080"]
21:55:27.500 [restartedMain] INFO  o.s.b.w.e.tomcat.TomcatWebServer - Tomcat started on port(s): 8080 (http) with context path ''
21:55:27.522 [restartedMain] INFO  com.yan.http_api.HttpApiApplication - Started HttpApiApplication in 8.94 seconds (JVM running for 10.423)
21:55:47.629 [http-nio-8080-exec-2] INFO  o.a.c.c.C.[Tomcat].[localhost].[/] - Initializing Spring DispatcherServlet 'dispatcherServlet'
21:55:47.631 [http-nio-8080-exec-2] INFO  o.s.web.servlet.DispatcherServlet - Initializing Servlet 'dispatcherServlet'
21:55:47.638 [http-nio-8080-exec-2] INFO  o.s.web.servlet.DispatcherServlet - Completed initialization in 5 ms
21:56:10.438 [SpringApplicationShutdownHook] INFO  o.s.o.j.LocalContainerEntityManagerFactoryBean - Closing JPA EntityManagerFactory for persistence unit 'default'
21:56:10.443 [SpringApplicationShutdownHook] INFO  com.zaxxer.hikari.HikariDataSource - HikariPool-1 - Shutdown initiated...
21:56:10.453 [SpringApplicationShutdownHook] INFO  com.zaxxer.hikari.HikariDataSource - HikariPool-1 - Shutdown completed.
22:28:53.261 [main] INFO  o.s.b.t.c.SpringBootTestContextBootstrapper - Neither @ContextConfiguration nor @ContextHierarchy found for test class [com.yan.http_api.controller.TestClientController], using SpringBootContextLoader
22:28:53.280 [main] INFO  o.s.t.c.s.AbstractContextLoader - Could not detect default resource locations for test class [com.yan.http_api.controller.TestClientController]: no resource found for suffixes {-context.xml, Context.groovy}.
22:28:53.282 [main] INFO  o.s.t.c.s.AnnotationConfigContextLoaderUtils - Could not detect default configuration classes for test class [com.yan.http_api.controller.TestClientController]: TestClientController does not declare any static, non-private, non-final, nested classes annotated with @Configuration.
22:28:53.634 [main] INFO  o.s.b.t.c.SpringBootTestContextBootstrapper - Found @SpringBootConfiguration com.yan.http_api.HttpApiApplication for test class com.yan.http_api.controller.TestClientController
22:28:53.839 [main] INFO  o.s.b.t.c.SpringBootTestContextBootstrapper - Loaded default TestExecutionListener class names from location [META-INF/spring.factories]: [org.springframework.boot.test.mock.mockito.MockitoTestExecutionListener, org.springframework.boot.test.mock.mockito.ResetMocksTestExecutionListener, org.springframework.boot.test.autoconfigure.restdocs.RestDocsTestExecutionListener, org.springframework.boot.test.autoconfigure.web.client.MockRestServiceServerResetTestExecutionListener, org.springframework.boot.test.autoconfigure.web.servlet.MockMvcPrintOnlyOnFailureTestExecutionListener, org.springframework.boot.test.autoconfigure.web.servlet.WebDriverTestExecutionListener, org.springframework.boot.test.autoconfigure.webservices.client.MockWebServiceServerTestExecutionListener, org.springframework.test.context.web.ServletTestExecutionListener, org.springframework.test.context.support.DirtiesContextBeforeModesTestExecutionListener, org.springframework.test.context.event.ApplicationEventsTestExecutionListener, org.springframework.test.context.support.DependencyInjectionTestExecutionListener, org.springframework.test.context.support.DirtiesContextTestExecutionListener, org.springframework.test.context.transaction.TransactionalTestExecutionListener, org.springframework.test.context.jdbc.SqlScriptsTestExecutionListener, org.springframework.test.context.event.EventPublishingTestExecutionListener]
22:28:53.887 [main] INFO  o.s.b.t.c.SpringBootTestContextBootstrapper - Using TestExecutionListeners: [org.springframework.test.context.web.ServletTestExecutionListener@7fe7c640, org.springframework.test.context.support.DirtiesContextBeforeModesTestExecutionListener@4c4748bf, org.springframework.test.context.event.ApplicationEventsTestExecutionListener@7ce97ee5, org.springframework.boot.test.mock.mockito.MockitoTestExecutionListener@32c8e539, org.springframework.boot.test.autoconfigure.SpringBootDependencyInjectionTestExecutionListener@73dce0e6, org.springframework.test.context.support.DirtiesContextTestExecutionListener@5a85c92, org.springframework.test.context.transaction.TransactionalTestExecutionListener@32811494, org.springframework.test.context.jdbc.SqlScriptsTestExecutionListener@4795ded0, org.springframework.test.context.event.EventPublishingTestExecutionListener@53dacd14, org.springframework.boot.test.mock.mockito.ResetMocksTestExecutionListener@14d14731, org.springframework.boot.test.autoconfigure.restdocs.RestDocsTestExecutionListener@2eced48b, org.springframework.boot.test.autoconfigure.web.client.MockRestServiceServerResetTestExecutionListener@47c4ecdc, org.springframework.boot.test.autoconfigure.web.servlet.MockMvcPrintOnlyOnFailureTestExecutionListener@42f33b5d, org.springframework.boot.test.autoconfigure.web.servlet.WebDriverTestExecutionListener@5c8504fd, org.springframework.boot.test.autoconfigure.webservices.client.MockWebServiceServerTestExecutionListener@4b7e96a]
22:30:05.364 [main] INFO  o.s.b.t.c.SpringBootTestContextBootstrapper - Neither @ContextConfiguration nor @ContextHierarchy found for test class [com.yan.http_api.controller.TestClientController], using SpringBootContextLoader
22:30:05.375 [main] INFO  o.s.t.c.s.AbstractContextLoader - Could not detect default resource locations for test class [com.yan.http_api.controller.TestClientController]: no resource found for suffixes {-context.xml, Context.groovy}.
22:30:05.376 [main] INFO  o.s.t.c.s.AnnotationConfigContextLoaderUtils - Could not detect default configuration classes for test class [com.yan.http_api.controller.TestClientController]: TestClientController does not declare any static, non-private, non-final, nested classes annotated with @Configuration.
22:30:05.648 [main] INFO  o.s.b.t.c.SpringBootTestContextBootstrapper - Found @SpringBootConfiguration com.yan.http_api.HttpApiApplication for test class com.yan.http_api.controller.TestClientController
22:30:05.828 [main] INFO  o.s.b.t.c.SpringBootTestContextBootstrapper - Loaded default TestExecutionListener class names from location [META-INF/spring.factories]: [org.springframework.boot.test.mock.mockito.MockitoTestExecutionListener, org.springframework.boot.test.mock.mockito.ResetMocksTestExecutionListener, org.springframework.boot.test.autoconfigure.restdocs.RestDocsTestExecutionListener, org.springframework.boot.test.autoconfigure.web.client.MockRestServiceServerResetTestExecutionListener, org.springframework.boot.test.autoconfigure.web.servlet.MockMvcPrintOnlyOnFailureTestExecutionListener, org.springframework.boot.test.autoconfigure.web.servlet.WebDriverTestExecutionListener, org.springframework.boot.test.autoconfigure.webservices.client.MockWebServiceServerTestExecutionListener, org.springframework.test.context.web.ServletTestExecutionListener, org.springframework.test.context.support.DirtiesContextBeforeModesTestExecutionListener, org.springframework.test.context.event.ApplicationEventsTestExecutionListener, org.springframework.test.context.support.DependencyInjectionTestExecutionListener, org.springframework.test.context.support.DirtiesContextTestExecutionListener, org.springframework.test.context.transaction.TransactionalTestExecutionListener, org.springframework.test.context.jdbc.SqlScriptsTestExecutionListener, org.springframework.test.context.event.EventPublishingTestExecutionListener]
22:30:05.869 [main] INFO  o.s.b.t.c.SpringBootTestContextBootstrapper - Using TestExecutionListeners: [org.springframework.test.context.web.ServletTestExecutionListener@14d14731, org.springframework.test.context.support.DirtiesContextBeforeModesTestExecutionListener@2eced48b, org.springframework.test.context.event.ApplicationEventsTestExecutionListener@47c4ecdc, org.springframework.boot.test.mock.mockito.MockitoTestExecutionListener@42f33b5d, org.springframework.boot.test.autoconfigure.SpringBootDependencyInjectionTestExecutionListener@5c8504fd, org.springframework.test.context.support.DirtiesContextTestExecutionListener@4b7e96a, org.springframework.test.context.transaction.TransactionalTestExecutionListener@6475472c, org.springframework.test.context.jdbc.SqlScriptsTestExecutionListener@3f07b12c, org.springframework.test.context.event.EventPublishingTestExecutionListener@4bd1f8dd, org.springframework.boot.test.mock.mockito.ResetMocksTestExecutionListener@7096b474, org.springframework.boot.test.autoconfigure.restdocs.RestDocsTestExecutionListener@3e14c16d, org.springframework.boot.test.autoconfigure.web.client.MockRestServiceServerResetTestExecutionListener@3c989952, org.springframework.boot.test.autoconfigure.web.servlet.MockMvcPrintOnlyOnFailureTestExecutionListener@784b990c, org.springframework.boot.test.autoconfigure.web.servlet.WebDriverTestExecutionListener@3d3ba765, org.springframework.boot.test.autoconfigure.webservices.client.MockWebServiceServerTestExecutionListener@25bc0606]
22:30:06.713 [main] INFO  c.y.h.c.TestClientController - Starting TestClientController using Java 18.0.2 on DESKTOP-DM18JUN with PID 6428 (started by caiii in D:\Google Drive\Java projects\HTTP_API)
22:30:06.718 [main] INFO  c.y.h.c.TestClientController - No active profile set, falling back to 1 default profile: "default"
22:30:06.728 [background-preinit] INFO  o.h.validator.internal.util.Version - HV000001: Hibernate Validator 6.2.5.Final
22:30:08.375 [main] INFO  o.s.d.r.c.RepositoryConfigurationDelegate - Bootstrapping Spring Data JPA repositories in DEFAULT mode.
22:30:08.484 [main] INFO  o.s.d.r.c.RepositoryConfigurationDelegate - Finished Spring Data repository scanning in 92 ms. Found 2 JPA repository interfaces.
22:30:09.700 [main] INFO  com.zaxxer.hikari.HikariDataSource - HikariPool-1 - Starting...
22:30:10.574 [main] INFO  com.zaxxer.hikari.HikariDataSource - HikariPool-1 - Start completed.
22:30:11.140 [main] INFO  liquibase.lockservice - Successfully acquired change log lock
22:30:11.677 [main] INFO  liquibase.changelog - Reading from http_api.DATABASECHANGELOG
22:30:11.868 [main] INFO  liquibase.lockservice - Successfully released change log lock
22:30:12.115 [main] INFO  o.h.jpa.internal.util.LogHelper - HHH000204: Processing PersistenceUnitInfo [name: default]
22:30:12.271 [main] INFO  org.hibernate.Version - HHH000412: Hibernate ORM core version 5.6.12.Final
22:30:12.660 [main] INFO  o.h.annotations.common.Version - HCANN000001: Hibernate Commons Annotations {5.1.2.Final}
22:30:12.879 [main] INFO  org.hibernate.dialect.Dialect - HHH000400: Using dialect: org.hibernate.dialect.MySQL8Dialect
22:30:14.230 [main] INFO  o.h.e.t.j.p.i.JtaPlatformInitiator - HHH000490: Using JtaPlatform implementation: [org.hibernate.engine.transaction.jta.platform.internal.NoJtaPlatform]
22:30:14.253 [main] INFO  o.s.o.j.LocalContainerEntityManagerFactoryBean - Initialized JPA EntityManagerFactory for persistence unit 'default'
22:30:16.126 [main] INFO  o.s.b.t.m.w.SpringBootMockServletContext - Initializing Spring TestDispatcherServlet ''
22:30:16.127 [main] INFO  o.s.t.w.s.TestDispatcherServlet - Initializing Servlet ''
22:30:16.129 [main] INFO  o.s.t.w.s.TestDispatcherServlet - Completed initialization in 2 ms
22:30:16.162 [main] INFO  c.y.h.c.TestClientController - Started TestClientController in 10.206 seconds (JVM running for 12.366)
22:30:16.891 [SpringApplicationShutdownHook] INFO  o.s.o.j.LocalContainerEntityManagerFactoryBean - Closing JPA EntityManagerFactory for persistence unit 'default'
22:30:16.893 [SpringApplicationShutdownHook] INFO  com.zaxxer.hikari.HikariDataSource - HikariPool-1 - Shutdown initiated...
22:30:16.905 [SpringApplicationShutdownHook] INFO  com.zaxxer.hikari.HikariDataSource - HikariPool-1 - Shutdown completed.
22:31:29.694 [main] INFO  o.s.b.t.c.SpringBootTestContextBootstrapper - Neither @ContextConfiguration nor @ContextHierarchy found for test class [com.yan.http_api.controller.TestClientController], using SpringBootContextLoader
22:31:29.708 [main] INFO  o.s.t.c.s.AbstractContextLoader - Could not detect default resource locations for test class [com.yan.http_api.controller.TestClientController]: no resource found for suffixes {-context.xml, Context.groovy}.
22:31:29.709 [main] INFO  o.s.t.c.s.AnnotationConfigContextLoaderUtils - Could not detect default configuration classes for test class [com.yan.http_api.controller.TestClientController]: TestClientController does not declare any static, non-private, non-final, nested classes annotated with @Configuration.
22:31:29.979 [main] INFO  o.s.b.t.c.SpringBootTestContextBootstrapper - Found @SpringBootConfiguration com.yan.http_api.HttpApiApplication for test class com.yan.http_api.controller.TestClientController
22:31:30.184 [main] INFO  o.s.b.t.c.SpringBootTestContextBootstrapper - Loaded default TestExecutionListener class names from location [META-INF/spring.factories]: [org.springframework.boot.test.mock.mockito.MockitoTestExecutionListener, org.springframework.boot.test.mock.mockito.ResetMocksTestExecutionListener, org.springframework.boot.test.autoconfigure.restdocs.RestDocsTestExecutionListener, org.springframework.boot.test.autoconfigure.web.client.MockRestServiceServerResetTestExecutionListener, org.springframework.boot.test.autoconfigure.web.servlet.MockMvcPrintOnlyOnFailureTestExecutionListener, org.springframework.boot.test.autoconfigure.web.servlet.WebDriverTestExecutionListener, org.springframework.boot.test.autoconfigure.webservices.client.MockWebServiceServerTestExecutionListener, org.springframework.test.context.web.ServletTestExecutionListener, org.springframework.test.context.support.DirtiesContextBeforeModesTestExecutionListener, org.springframework.test.context.event.ApplicationEventsTestExecutionListener, org.springframework.test.context.support.DependencyInjectionTestExecutionListener, org.springframework.test.context.support.DirtiesContextTestExecutionListener, org.springframework.test.context.transaction.TransactionalTestExecutionListener, org.springframework.test.context.jdbc.SqlScriptsTestExecutionListener, org.springframework.test.context.event.EventPublishingTestExecutionListener]
22:31:30.220 [main] INFO  o.s.b.t.c.SpringBootTestContextBootstrapper - Using TestExecutionListeners: [org.springframework.test.context.web.ServletTestExecutionListener@3e14c16d, org.springframework.test.context.support.DirtiesContextBeforeModesTestExecutionListener@3c989952, org.springframework.test.context.event.ApplicationEventsTestExecutionListener@784b990c, org.springframework.boot.test.mock.mockito.MockitoTestExecutionListener@3d3ba765, org.springframework.boot.test.autoconfigure.SpringBootDependencyInjectionTestExecutionListener@25bc0606, org.springframework.test.context.support.DirtiesContextTestExecutionListener@5d1659ea, org.springframework.test.context.transaction.TransactionalTestExecutionListener@793138bd, org.springframework.test.context.jdbc.SqlScriptsTestExecutionListener@1951b871, org.springframework.test.context.event.EventPublishingTestExecutionListener@5c18016b, org.springframework.boot.test.mock.mockito.ResetMocksTestExecutionListener@33aeca0b, org.springframework.boot.test.autoconfigure.restdocs.RestDocsTestExecutionListener@43aaf813, org.springframework.boot.test.autoconfigure.web.client.MockRestServiceServerResetTestExecutionListener@57ac5227, org.springframework.boot.test.autoconfigure.web.servlet.MockMvcPrintOnlyOnFailureTestExecutionListener@4ba302e0, org.springframework.boot.test.autoconfigure.web.servlet.WebDriverTestExecutionListener@e98770d, org.springframework.boot.test.autoconfigure.webservices.client.MockWebServiceServerTestExecutionListener@1ae67cad]
22:31:30.995 [main] INFO  c.y.h.c.TestClientController - Starting TestClientController using Java 18.0.2 on DESKTOP-DM18JUN with PID 9888 (started by caiii in D:\Google Drive\Java projects\HTTP_API)
22:31:30.997 [main] INFO  c.y.h.c.TestClientController - No active profile set, falling back to 1 default profile: "default"
22:31:30.998 [background-preinit] INFO  o.h.validator.internal.util.Version - HV000001: Hibernate Validator 6.2.5.Final
22:31:32.347 [main] INFO  o.s.d.r.c.RepositoryConfigurationDelegate - Bootstrapping Spring Data JPA repositories in DEFAULT mode.
22:31:32.446 [main] INFO  o.s.d.r.c.RepositoryConfigurationDelegate - Finished Spring Data repository scanning in 84 ms. Found 2 JPA repository interfaces.
22:31:33.594 [main] INFO  com.zaxxer.hikari.HikariDataSource - HikariPool-1 - Starting...
22:31:34.360 [main] INFO  com.zaxxer.hikari.HikariDataSource - HikariPool-1 - Start completed.
22:31:34.957 [main] INFO  liquibase.lockservice - Successfully acquired change log lock
22:31:35.423 [main] INFO  liquibase.changelog - Reading from http_api.DATABASECHANGELOG
22:31:35.675 [main] INFO  liquibase.lockservice - Successfully released change log lock
22:31:35.939 [main] INFO  o.h.jpa.internal.util.LogHelper - HHH000204: Processing PersistenceUnitInfo [name: default]
22:31:36.009 [main] INFO  org.hibernate.Version - HHH000412: Hibernate ORM core version 5.6.12.Final
22:31:36.268 [main] INFO  o.h.annotations.common.Version - HCANN000001: Hibernate Commons Annotations {5.1.2.Final}
22:31:36.469 [main] INFO  org.hibernate.dialect.Dialect - HHH000400: Using dialect: org.hibernate.dialect.MySQL8Dialect
22:31:37.725 [main] INFO  o.h.e.t.j.p.i.JtaPlatformInitiator - HHH000490: Using JtaPlatform implementation: [org.hibernate.engine.transaction.jta.platform.internal.NoJtaPlatform]
22:31:37.749 [main] INFO  o.s.o.j.LocalContainerEntityManagerFactoryBean - Initialized JPA EntityManagerFactory for persistence unit 'default'
22:31:39.680 [main] INFO  o.s.b.t.m.w.SpringBootMockServletContext - Initializing Spring TestDispatcherServlet ''
22:31:39.680 [main] INFO  o.s.t.w.s.TestDispatcherServlet - Initializing Servlet ''
22:31:39.681 [main] INFO  o.s.t.w.s.TestDispatcherServlet - Completed initialization in 0 ms
22:31:39.714 [main] INFO  c.y.h.c.TestClientController - Started TestClientController in 9.416 seconds (JVM running for 11.444)
22:31:40.529 [SpringApplicationShutdownHook] INFO  o.s.o.j.LocalContainerEntityManagerFactoryBean - Closing JPA EntityManagerFactory for persistence unit 'default'
22:31:40.533 [SpringApplicationShutdownHook] INFO  com.zaxxer.hikari.HikariDataSource - HikariPool-1 - Shutdown initiated...
22:31:40.546 [SpringApplicationShutdownHook] INFO  com.zaxxer.hikari.HikariDataSource - HikariPool-1 - Shutdown completed.
22:33:36.507 [main] INFO  o.s.b.t.c.SpringBootTestContextBootstrapper - Neither @ContextConfiguration nor @ContextHierarchy found for test class [com.yan.http_api.controller.TestClientController], using SpringBootContextLoader
22:33:36.523 [main] INFO  o.s.t.c.s.AbstractContextLoader - Could not detect default resource locations for test class [com.yan.http_api.controller.TestClientController]: no resource found for suffixes {-context.xml, Context.groovy}.
22:33:36.524 [main] INFO  o.s.t.c.s.AnnotationConfigContextLoaderUtils - Could not detect default configuration classes for test class [com.yan.http_api.controller.TestClientController]: TestClientController does not declare any static, non-private, non-final, nested classes annotated with @Configuration.
22:33:36.794 [main] INFO  o.s.b.t.c.SpringBootTestContextBootstrapper - Found @SpringBootConfiguration com.yan.http_api.HttpApiApplication for test class com.yan.http_api.controller.TestClientController
22:33:36.986 [main] INFO  o.s.b.t.c.SpringBootTestContextBootstrapper - Loaded default TestExecutionListener class names from location [META-INF/spring.factories]: [org.springframework.boot.test.mock.mockito.MockitoTestExecutionListener, org.springframework.boot.test.mock.mockito.ResetMocksTestExecutionListener, org.springframework.boot.test.autoconfigure.restdocs.RestDocsTestExecutionListener, org.springframework.boot.test.autoconfigure.web.client.MockRestServiceServerResetTestExecutionListener, org.springframework.boot.test.autoconfigure.web.servlet.MockMvcPrintOnlyOnFailureTestExecutionListener, org.springframework.boot.test.autoconfigure.web.servlet.WebDriverTestExecutionListener, org.springframework.boot.test.autoconfigure.webservices.client.MockWebServiceServerTestExecutionListener, org.springframework.test.context.web.ServletTestExecutionListener, org.springframework.test.context.support.DirtiesContextBeforeModesTestExecutionListener, org.springframework.test.context.event.ApplicationEventsTestExecutionListener, org.springframework.test.context.support.DependencyInjectionTestExecutionListener, org.springframework.test.context.support.DirtiesContextTestExecutionListener, org.springframework.test.context.transaction.TransactionalTestExecutionListener, org.springframework.test.context.jdbc.SqlScriptsTestExecutionListener, org.springframework.test.context.event.EventPublishingTestExecutionListener]
22:33:37.019 [main] INFO  o.s.b.t.c.SpringBootTestContextBootstrapper - Using TestExecutionListeners: [org.springframework.test.context.web.ServletTestExecutionListener@14d14731, org.springframework.test.context.support.DirtiesContextBeforeModesTestExecutionListener@2eced48b, org.springframework.test.context.event.ApplicationEventsTestExecutionListener@47c4ecdc, org.springframework.boot.test.mock.mockito.MockitoTestExecutionListener@42f33b5d, org.springframework.boot.test.autoconfigure.SpringBootDependencyInjectionTestExecutionListener@5c8504fd, org.springframework.test.context.support.DirtiesContextTestExecutionListener@4b7e96a, org.springframework.test.context.transaction.TransactionalTestExecutionListener@6475472c, org.springframework.test.context.jdbc.SqlScriptsTestExecutionListener@3f07b12c, org.springframework.test.context.event.EventPublishingTestExecutionListener@4bd1f8dd, org.springframework.boot.test.mock.mockito.ResetMocksTestExecutionListener@7096b474, org.springframework.boot.test.autoconfigure.restdocs.RestDocsTestExecutionListener@3e14c16d, org.springframework.boot.test.autoconfigure.web.client.MockRestServiceServerResetTestExecutionListener@3c989952, org.springframework.boot.test.autoconfigure.web.servlet.MockMvcPrintOnlyOnFailureTestExecutionListener@784b990c, org.springframework.boot.test.autoconfigure.web.servlet.WebDriverTestExecutionListener@3d3ba765, org.springframework.boot.test.autoconfigure.webservices.client.MockWebServiceServerTestExecutionListener@25bc0606]
22:33:38.174 [main] INFO  c.y.h.c.TestClientController - Starting TestClientController using Java 18.0.2 on DESKTOP-DM18JUN with PID 8768 (started by caiii in D:\Google Drive\Java projects\HTTP_API)
22:33:38.179 [main] INFO  c.y.h.c.TestClientController - No active profile set, falling back to 1 default profile: "default"
22:33:38.182 [background-preinit] INFO  o.h.validator.internal.util.Version - HV000001: Hibernate Validator 6.2.5.Final
22:33:39.590 [main] INFO  o.s.d.r.c.RepositoryConfigurationDelegate - Bootstrapping Spring Data JPA repositories in DEFAULT mode.
22:33:39.690 [main] INFO  o.s.d.r.c.RepositoryConfigurationDelegate - Finished Spring Data repository scanning in 80 ms. Found 2 JPA repository interfaces.
22:33:41.527 [main] INFO  com.zaxxer.hikari.HikariDataSource - HikariPool-1 - Starting...
22:33:42.519 [main] INFO  com.zaxxer.hikari.HikariDataSource - HikariPool-1 - Start completed.
22:33:43.137 [main] INFO  liquibase.lockservice - Successfully acquired change log lock
22:33:43.652 [main] INFO  liquibase.changelog - Reading from http_api.DATABASECHANGELOG
22:33:44.089 [main] INFO  liquibase.lockservice - Successfully released change log lock
22:33:44.398 [main] INFO  o.h.jpa.internal.util.LogHelper - HHH000204: Processing PersistenceUnitInfo [name: default]
22:33:44.574 [main] INFO  org.hibernate.Version - HHH000412: Hibernate ORM core version 5.6.12.Final
22:33:45.032 [main] INFO  o.h.annotations.common.Version - HCANN000001: Hibernate Commons Annotations {5.1.2.Final}
22:33:45.562 [main] INFO  org.hibernate.dialect.Dialect - HHH000400: Using dialect: org.hibernate.dialect.MySQL8Dialect
22:33:47.390 [main] INFO  o.h.e.t.j.p.i.JtaPlatformInitiator - HHH000490: Using JtaPlatform implementation: [org.hibernate.engine.transaction.jta.platform.internal.NoJtaPlatform]
22:33:47.408 [main] INFO  o.s.o.j.LocalContainerEntityManagerFactoryBean - Initialized JPA EntityManagerFactory for persistence unit 'default'
22:33:52.099 [main] INFO  o.s.b.t.m.w.SpringBootMockServletContext - Initializing Spring TestDispatcherServlet ''
22:33:52.101 [main] INFO  o.s.t.w.s.TestDispatcherServlet - Initializing Servlet ''
22:33:52.104 [main] INFO  o.s.t.w.s.TestDispatcherServlet - Completed initialization in 3 ms
22:33:52.157 [main] INFO  c.y.h.c.TestClientController - Started TestClientController in 15.056 seconds (JVM running for 17.241)
22:33:53.342 [SpringApplicationShutdownHook] INFO  o.s.o.j.LocalContainerEntityManagerFactoryBean - Closing JPA EntityManagerFactory for persistence unit 'default'
22:33:53.347 [SpringApplicationShutdownHook] INFO  com.zaxxer.hikari.HikariDataSource - HikariPool-1 - Shutdown initiated...
22:33:53.367 [SpringApplicationShutdownHook] INFO  com.zaxxer.hikari.HikariDataSource - HikariPool-1 - Shutdown completed.
22:44:43.476 [main] INFO  o.s.b.t.c.SpringBootTestContextBootstrapper - Neither @ContextConfiguration nor @ContextHierarchy found for test class [com.yan.http_api.controller.TestClientController], using SpringBootContextLoader
22:44:43.492 [main] INFO  o.s.t.c.s.AbstractContextLoader - Could not detect default resource locations for test class [com.yan.http_api.controller.TestClientController]: no resource found for suffixes {-context.xml, Context.groovy}.
22:44:43.494 [main] INFO  o.s.t.c.s.AnnotationConfigContextLoaderUtils - Could not detect default configuration classes for test class [com.yan.http_api.controller.TestClientController]: TestClientController does not declare any static, non-private, non-final, nested classes annotated with @Configuration.
22:44:43.771 [main] INFO  o.s.b.t.c.SpringBootTestContextBootstrapper - Found @SpringBootConfiguration com.yan.http_api.HttpApiApplication for test class com.yan.http_api.controller.TestClientController
22:44:43.948 [main] INFO  o.s.b.t.c.SpringBootTestContextBootstrapper - Loaded default TestExecutionListener class names from location [META-INF/spring.factories]: [org.springframework.boot.test.mock.mockito.MockitoTestExecutionListener, org.springframework.boot.test.mock.mockito.ResetMocksTestExecutionListener, org.springframework.boot.test.autoconfigure.restdocs.RestDocsTestExecutionListener, org.springframework.boot.test.autoconfigure.web.client.MockRestServiceServerResetTestExecutionListener, org.springframework.boot.test.autoconfigure.web.servlet.MockMvcPrintOnlyOnFailureTestExecutionListener, org.springframework.boot.test.autoconfigure.web.servlet.WebDriverTestExecutionListener, org.springframework.boot.test.autoconfigure.webservices.client.MockWebServiceServerTestExecutionListener, org.springframework.test.context.web.ServletTestExecutionListener, org.springframework.test.context.support.DirtiesContextBeforeModesTestExecutionListener, org.springframework.test.context.event.ApplicationEventsTestExecutionListener, org.springframework.test.context.support.DependencyInjectionTestExecutionListener, org.springframework.test.context.support.DirtiesContextTestExecutionListener, org.springframework.test.context.transaction.TransactionalTestExecutionListener, org.springframework.test.context.jdbc.SqlScriptsTestExecutionListener, org.springframework.test.context.event.EventPublishingTestExecutionListener]
22:44:43.984 [main] INFO  o.s.b.t.c.SpringBootTestContextBootstrapper - Using TestExecutionListeners: [org.springframework.test.context.web.ServletTestExecutionListener@2eced48b, org.springframework.test.context.support.DirtiesContextBeforeModesTestExecutionListener@47c4ecdc, org.springframework.test.context.event.ApplicationEventsTestExecutionListener@42f33b5d, org.springframework.boot.test.mock.mockito.MockitoTestExecutionListener@5c8504fd, org.springframework.boot.test.autoconfigure.SpringBootDependencyInjectionTestExecutionListener@4b7e96a, org.springframework.test.context.support.DirtiesContextTestExecutionListener@6475472c, org.springframework.test.context.transaction.TransactionalTestExecutionListener@3f07b12c, org.springframework.test.context.jdbc.SqlScriptsTestExecutionListener@4bd1f8dd, org.springframework.test.context.event.EventPublishingTestExecutionListener@7096b474, org.springframework.boot.test.mock.mockito.ResetMocksTestExecutionListener@3e14c16d, org.springframework.boot.test.autoconfigure.restdocs.RestDocsTestExecutionListener@3c989952, org.springframework.boot.test.autoconfigure.web.client.MockRestServiceServerResetTestExecutionListener@784b990c, org.springframework.boot.test.autoconfigure.web.servlet.MockMvcPrintOnlyOnFailureTestExecutionListener@3d3ba765, org.springframework.boot.test.autoconfigure.web.servlet.WebDriverTestExecutionListener@25bc0606, org.springframework.boot.test.autoconfigure.webservices.client.MockWebServiceServerTestExecutionListener@5d1659ea]
22:44:44.795 [main] INFO  c.y.h.c.TestClientController - Starting TestClientController using Java 18.0.2 on DESKTOP-DM18JUN with PID 16324 (started by caiii in D:\Google Drive\Java projects\HTTP_API)
22:44:44.797 [main] INFO  c.y.h.c.TestClientController - No active profile set, falling back to 1 default profile: "default"
22:44:44.807 [background-preinit] INFO  o.h.validator.internal.util.Version - HV000001: Hibernate Validator 6.2.5.Final
22:44:46.099 [main] INFO  o.s.d.r.c.RepositoryConfigurationDelegate - Bootstrapping Spring Data JPA repositories in DEFAULT mode.
22:44:46.216 [main] INFO  o.s.d.r.c.RepositoryConfigurationDelegate - Finished Spring Data repository scanning in 98 ms. Found 2 JPA repository interfaces.
22:44:47.643 [main] INFO  com.zaxxer.hikari.HikariDataSource - HikariPool-1 - Starting...
22:44:48.926 [main] INFO  com.zaxxer.hikari.HikariDataSource - HikariPool-1 - Start completed.
22:44:49.655 [main] INFO  liquibase.lockservice - Successfully acquired change log lock
22:44:50.202 [main] INFO  liquibase.changelog - Reading from http_api.DATABASECHANGELOG
22:44:50.339 [main] INFO  liquibase.lockservice - Successfully released change log lock
22:44:50.563 [main] INFO  o.h.jpa.internal.util.LogHelper - HHH000204: Processing PersistenceUnitInfo [name: default]
22:44:50.666 [main] INFO  org.hibernate.Version - HHH000412: Hibernate ORM core version 5.6.12.Final
22:44:51.075 [main] INFO  o.h.annotations.common.Version - HCANN000001: Hibernate Commons Annotations {5.1.2.Final}
22:44:51.480 [main] INFO  org.hibernate.dialect.Dialect - HHH000400: Using dialect: org.hibernate.dialect.MySQL8Dialect
22:44:53.070 [main] INFO  o.h.e.t.j.p.i.JtaPlatformInitiator - HHH000490: Using JtaPlatform implementation: [org.hibernate.engine.transaction.jta.platform.internal.NoJtaPlatform]
22:44:53.087 [main] INFO  o.s.o.j.LocalContainerEntityManagerFactoryBean - Initialized JPA EntityManagerFactory for persistence unit 'default'
22:44:55.918 [main] INFO  o.s.b.t.m.w.SpringBootMockServletContext - Initializing Spring TestDispatcherServlet ''
22:44:55.918 [main] INFO  o.s.t.w.s.TestDispatcherServlet - Initializing Servlet ''
22:44:55.921 [main] INFO  o.s.t.w.s.TestDispatcherServlet - Completed initialization in 1 ms
22:44:55.974 [main] INFO  c.y.h.c.TestClientController - Started TestClientController in 11.898 seconds (JVM running for 14.246)
22:44:57.433 [SpringApplicationShutdownHook] INFO  o.s.o.j.LocalContainerEntityManagerFactoryBean - Closing JPA EntityManagerFactory for persistence unit 'default'
22:44:57.437 [SpringApplicationShutdownHook] INFO  com.zaxxer.hikari.HikariDataSource - HikariPool-1 - Shutdown initiated...
22:44:57.468 [SpringApplicationShutdownHook] INFO  com.zaxxer.hikari.HikariDataSource - HikariPool-1 - Shutdown completed.
22:48:44.788 [background-preinit] INFO  o.h.validator.internal.util.Version - HV000001: Hibernate Validator 6.2.5.Final
22:48:44.785 [restartedMain] INFO  com.yan.http_api.HttpApiApplication - Starting HttpApiApplication using Java 18.0.2 on DESKTOP-DM18JUN with PID 14352 (D:\Google Drive\Java projects\HTTP_API\target\classes started by caiii in D:\Google Drive\Java projects\HTTP_API)
22:48:44.789 [restartedMain] INFO  com.yan.http_api.HttpApiApplication - No active profile set, falling back to 1 default profile: "default"
22:48:44.873 [restartedMain] INFO  o.s.b.d.e.DevToolsPropertyDefaultsPostProcessor - Devtools property defaults active! Set 'spring.devtools.add-properties' to 'false' to disable
22:48:44.874 [restartedMain] INFO  o.s.b.d.e.DevToolsPropertyDefaultsPostProcessor - For additional web related logging consider setting the 'logging.level.web' property to 'DEBUG'
22:48:46.231 [restartedMain] INFO  o.s.d.r.c.RepositoryConfigurationDelegate - Bootstrapping Spring Data JPA repositories in DEFAULT mode.
22:48:46.338 [restartedMain] INFO  o.s.d.r.c.RepositoryConfigurationDelegate - Finished Spring Data repository scanning in 87 ms. Found 2 JPA repository interfaces.
22:48:47.619 [restartedMain] INFO  o.s.b.w.e.tomcat.TomcatWebServer - Tomcat initialized with port(s): 8080 (http)
22:48:47.640 [restartedMain] INFO  o.a.coyote.http11.Http11NioProtocol - Initializing ProtocolHandler ["http-nio-8080"]
22:48:47.641 [restartedMain] INFO  o.a.catalina.core.StandardService - Starting service [Tomcat]
22:48:47.642 [restartedMain] INFO  o.a.catalina.core.StandardEngine - Starting Servlet engine: [Apache Tomcat/9.0.68]
22:48:47.804 [restartedMain] INFO  o.a.c.c.C.[Tomcat].[localhost].[/] - Initializing Spring embedded WebApplicationContext
22:48:47.805 [restartedMain] INFO  o.s.b.w.s.c.ServletWebServerApplicationContext - Root WebApplicationContext: initialization completed in 2930 ms
22:48:48.472 [restartedMain] INFO  com.zaxxer.hikari.HikariDataSource - HikariPool-1 - Starting...
22:48:49.196 [restartedMain] INFO  com.zaxxer.hikari.HikariDataSource - HikariPool-1 - Start completed.
22:48:49.752 [restartedMain] INFO  liquibase.lockservice - Successfully acquired change log lock
22:48:50.246 [restartedMain] INFO  liquibase.changelog - Reading from http_api.DATABASECHANGELOG
22:48:50.386 [restartedMain] INFO  liquibase.lockservice - Successfully released change log lock
22:48:50.504 [restartedMain] INFO  o.h.jpa.internal.util.LogHelper - HHH000204: Processing PersistenceUnitInfo [name: default]
22:48:50.631 [restartedMain] INFO  org.hibernate.Version - HHH000412: Hibernate ORM core version 5.6.12.Final
22:48:51.000 [restartedMain] INFO  o.h.annotations.common.Version - HCANN000001: Hibernate Commons Annotations {5.1.2.Final}
22:48:51.290 [restartedMain] INFO  org.hibernate.dialect.Dialect - HHH000400: Using dialect: org.hibernate.dialect.MySQL8Dialect
22:48:52.552 [restartedMain] INFO  o.h.e.t.j.p.i.JtaPlatformInitiator - HHH000490: Using JtaPlatform implementation: [org.hibernate.engine.transaction.jta.platform.internal.NoJtaPlatform]
22:48:52.566 [restartedMain] INFO  o.s.o.j.LocalContainerEntityManagerFactoryBean - Initialized JPA EntityManagerFactory for persistence unit 'default'
22:48:53.864 [restartedMain] INFO  o.s.b.d.a.OptionalLiveReloadServer - LiveReload server is running on port 35729
22:48:53.898 [restartedMain] INFO  o.a.coyote.http11.Http11NioProtocol - Starting ProtocolHandler ["http-nio-8080"]
22:48:53.942 [restartedMain] INFO  o.s.b.w.e.tomcat.TomcatWebServer - Tomcat started on port(s): 8080 (http) with context path ''
22:48:53.968 [restartedMain] INFO  com.yan.http_api.HttpApiApplication - Started HttpApiApplication in 9.824 seconds (JVM running for 11.467)
22:49:02.303 [http-nio-8080-exec-2] INFO  o.a.c.c.C.[Tomcat].[localhost].[/] - Initializing Spring DispatcherServlet 'dispatcherServlet'
22:49:02.304 [http-nio-8080-exec-2] INFO  o.s.web.servlet.DispatcherServlet - Initializing Servlet 'dispatcherServlet'
22:49:02.311 [http-nio-8080-exec-2] INFO  o.s.web.servlet.DispatcherServlet - Completed initialization in 6 ms
22:52:09.464 [SpringApplicationShutdownHook] INFO  o.s.o.j.LocalContainerEntityManagerFactoryBean - Closing JPA EntityManagerFactory for persistence unit 'default'
22:52:09.467 [SpringApplicationShutdownHook] INFO  com.zaxxer.hikari.HikariDataSource - HikariPool-1 - Shutdown initiated...
22:52:09.476 [SpringApplicationShutdownHook] INFO  com.zaxxer.hikari.HikariDataSource - HikariPool-1 - Shutdown completed.
22:52:22.829 [main] INFO  o.s.b.t.c.SpringBootTestContextBootstrapper - Neither @ContextConfiguration nor @ContextHierarchy found for test class [com.yan.http_api.controller.TestClientController], using SpringBootContextLoader
22:52:22.841 [main] INFO  o.s.t.c.s.AbstractContextLoader - Could not detect default resource locations for test class [com.yan.http_api.controller.TestClientController]: no resource found for suffixes {-context.xml, Context.groovy}.
22:52:22.842 [main] INFO  o.s.t.c.s.AnnotationConfigContextLoaderUtils - Could not detect default configuration classes for test class [com.yan.http_api.controller.TestClientController]: TestClientController does not declare any static, non-private, non-final, nested classes annotated with @Configuration.
22:52:23.101 [main] INFO  o.s.b.t.c.SpringBootTestContextBootstrapper - Found @SpringBootConfiguration com.yan.http_api.HttpApiApplication for test class com.yan.http_api.controller.TestClientController
22:52:23.261 [main] INFO  o.s.b.t.c.SpringBootTestContextBootstrapper - Loaded default TestExecutionListener class names from location [META-INF/spring.factories]: [org.springframework.boot.test.mock.mockito.MockitoTestExecutionListener, org.springframework.boot.test.mock.mockito.ResetMocksTestExecutionListener, org.springframework.boot.test.autoconfigure.restdocs.RestDocsTestExecutionListener, org.springframework.boot.test.autoconfigure.web.client.MockRestServiceServerResetTestExecutionListener, org.springframework.boot.test.autoconfigure.web.servlet.MockMvcPrintOnlyOnFailureTestExecutionListener, org.springframework.boot.test.autoconfigure.web.servlet.WebDriverTestExecutionListener, org.springframework.boot.test.autoconfigure.webservices.client.MockWebServiceServerTestExecutionListener, org.springframework.test.context.web.ServletTestExecutionListener, org.springframework.test.context.support.DirtiesContextBeforeModesTestExecutionListener, org.springframework.test.context.event.ApplicationEventsTestExecutionListener, org.springframework.test.context.support.DependencyInjectionTestExecutionListener, org.springframework.test.context.support.DirtiesContextTestExecutionListener, org.springframework.test.context.transaction.TransactionalTestExecutionListener, org.springframework.test.context.jdbc.SqlScriptsTestExecutionListener, org.springframework.test.context.event.EventPublishingTestExecutionListener]
22:52:23.292 [main] INFO  o.s.b.t.c.SpringBootTestContextBootstrapper - Using TestExecutionListeners: [org.springframework.test.context.web.ServletTestExecutionListener@2eced48b, org.springframework.test.context.support.DirtiesContextBeforeModesTestExecutionListener@47c4ecdc, org.springframework.test.context.event.ApplicationEventsTestExecutionListener@42f33b5d, org.springframework.boot.test.mock.mockito.MockitoTestExecutionListener@5c8504fd, org.springframework.boot.test.autoconfigure.SpringBootDependencyInjectionTestExecutionListener@4b7e96a, org.springframework.test.context.support.DirtiesContextTestExecutionListener@6475472c, org.springframework.test.context.transaction.TransactionalTestExecutionListener@3f07b12c, org.springframework.test.context.jdbc.SqlScriptsTestExecutionListener@4bd1f8dd, org.springframework.test.context.event.EventPublishingTestExecutionListener@7096b474, org.springframework.boot.test.mock.mockito.ResetMocksTestExecutionListener@3e14c16d, org.springframework.boot.test.autoconfigure.restdocs.RestDocsTestExecutionListener@3c989952, org.springframework.boot.test.autoconfigure.web.client.MockRestServiceServerResetTestExecutionListener@784b990c, org.springframework.boot.test.autoconfigure.web.servlet.MockMvcPrintOnlyOnFailureTestExecutionListener@3d3ba765, org.springframework.boot.test.autoconfigure.web.servlet.WebDriverTestExecutionListener@25bc0606, org.springframework.boot.test.autoconfigure.webservices.client.MockWebServiceServerTestExecutionListener@5d1659ea]
22:52:24.145 [main] INFO  c.y.h.c.TestClientController - Starting TestClientController using Java 18.0.2 on DESKTOP-DM18JUN with PID 7208 (started by caiii in D:\Google Drive\Java projects\HTTP_API)
22:52:24.146 [main] INFO  c.y.h.c.TestClientController - No active profile set, falling back to 1 default profile: "default"
22:52:24.147 [background-preinit] INFO  o.h.validator.internal.util.Version - HV000001: Hibernate Validator 6.2.5.Final
22:52:25.517 [main] INFO  o.s.d.r.c.RepositoryConfigurationDelegate - Bootstrapping Spring Data JPA repositories in DEFAULT mode.
22:52:25.695 [main] INFO  o.s.d.r.c.RepositoryConfigurationDelegate - Finished Spring Data repository scanning in 100 ms. Found 2 JPA repository interfaces.
22:52:26.780 [main] INFO  com.zaxxer.hikari.HikariDataSource - HikariPool-1 - Starting...
22:52:27.895 [main] INFO  com.zaxxer.hikari.HikariDataSource - HikariPool-1 - Start completed.
22:52:28.538 [main] INFO  liquibase.lockservice - Successfully acquired change log lock
22:52:29.190 [main] INFO  liquibase.changelog - Reading from http_api.DATABASECHANGELOG
22:52:29.320 [main] INFO  liquibase.lockservice - Successfully released change log lock
22:52:29.510 [main] INFO  o.h.jpa.internal.util.LogHelper - HHH000204: Processing PersistenceUnitInfo [name: default]
22:52:29.586 [main] INFO  org.hibernate.Version - HHH000412: Hibernate ORM core version 5.6.12.Final
22:52:29.861 [main] INFO  o.h.annotations.common.Version - HCANN000001: Hibernate Commons Annotations {5.1.2.Final}
22:52:30.104 [main] INFO  org.hibernate.dialect.Dialect - HHH000400: Using dialect: org.hibernate.dialect.MySQL8Dialect
22:52:31.199 [main] INFO  o.h.e.t.j.p.i.JtaPlatformInitiator - HHH000490: Using JtaPlatform implementation: [org.hibernate.engine.transaction.jta.platform.internal.NoJtaPlatform]
22:52:31.210 [main] INFO  o.s.o.j.LocalContainerEntityManagerFactoryBean - Initialized JPA EntityManagerFactory for persistence unit 'default'
22:52:33.423 [main] INFO  o.s.b.t.m.w.SpringBootMockServletContext - Initializing Spring TestDispatcherServlet ''
22:52:33.424 [main] INFO  o.s.t.w.s.TestDispatcherServlet - Initializing Servlet ''
22:52:33.426 [main] INFO  o.s.t.w.s.TestDispatcherServlet - Completed initialization in 2 ms
22:52:33.463 [main] INFO  c.y.h.c.TestClientController - Started TestClientController in 10.082 seconds (JVM running for 12.088)
22:52:34.046 [SpringApplicationShutdownHook] INFO  o.s.o.j.LocalContainerEntityManagerFactoryBean - Closing JPA EntityManagerFactory for persistence unit 'default'
22:52:34.052 [SpringApplicationShutdownHook] INFO  com.zaxxer.hikari.HikariDataSource - HikariPool-1 - Shutdown initiated...
22:52:34.065 [SpringApplicationShutdownHook] INFO  com.zaxxer.hikari.HikariDataSource - HikariPool-1 - Shutdown completed.
